2022-09-21 10:32:56,910:INFO:ResultsLogger:Model:SCNN, EpochTrained:20, Acc: 95.0%, AvgLoss: 0.005097, AddInfo: Timestep1
2022-09-21 10:39:45,155:INFO:ResultsLogger:Model:SCNN, EpochTrained:20, Acc: 97.7%, AvgLoss: 0.008903, AddInfo: Timestep4
2022-09-21 10:46:24,856:INFO:ResultsLogger:Model:SCNN, EpochTrained:20, Acc: 98.0%, AvgLoss: 0.023193, AddInfo: Timestep8
2022-09-21 10:53:17,135:INFO:ResultsLogger:Model:SCNN, EpochTrained:20, Acc: 98.0%, AvgLoss: 0.032328, AddInfo: Timestep10
2022-09-21 11:00:54,679:INFO:ResultsLogger:Model:SCNN, EpochTrained:20, Acc: 98.6%, AvgLoss: 0.034808, AddInfo: Timestep15
2022-09-21 11:09:09,391:INFO:ResultsLogger:Model:SCNN, EpochTrained:20, Acc: 98.4%, AvgLoss: 0.062125, AddInfo: Timestep18
2022-09-21 11:18:05,236:INFO:ResultsLogger:Model:SCNN, EpochTrained:20, Acc: 98.6%, AvgLoss: 0.058311, AddInfo: Timestep20
2022-09-21 11:30:56,466:INFO:ResultsLogger:Model:SCNN, EpochTrained:20, Acc: 98.2%, AvgLoss: 0.169686, AddInfo: Timestep50
2022-09-21 11:48:35,582:INFO:ResultsLogger:Model:SCNN, EpochTrained:20, Acc: 98.6%, AvgLoss: 0.213404, AddInfo: Timestep80
2022-09-21 13:06:29,646:INFO:ResultsLogger:Model:SCNN, EpochTrained:20, Acc: 98.9%, AvgLoss: 0.250530, AddInfo: Timestep100
2022-09-21 13:29:37,879:INFO:ResultsLogger:Model:SCNN, EpochTrained:20, Acc: 65.9%, AvgLoss: 0.187073, AddInfo: Threshold0.0
2022-09-21 13:35:41,519:INFO:ResultsLogger:Model:SCNN, EpochTrained:20, Acc: 97.1%, AvgLoss: 0.016565, AddInfo: Threshold0.5
2022-09-21 13:41:53,341:INFO:ResultsLogger:Model:SCNN, EpochTrained:20, Acc: 97.3%, AvgLoss: 0.038881, AddInfo: Threshold0.8
2022-09-21 13:48:22,978:INFO:ResultsLogger:Model:SCNN, EpochTrained:20, Acc: 98.6%, AvgLoss: 0.026530, AddInfo: Threshold1.0
2022-09-21 13:54:44,284:INFO:ResultsLogger:Model:SCNN, EpochTrained:20, Acc: 97.9%, AvgLoss: 0.063202, AddInfo: Threshold5.0
2022-09-21 14:01:12,659:INFO:ResultsLogger:Model:SCNN, EpochTrained:20, Acc: 88.8%, AvgLoss: 0.069479, AddInfo: Threshold8.0
2022-09-21 14:08:37,982:INFO:ResultsLogger:Model:SCNN, EpochTrained:20, Acc: 64.1%, AvgLoss: 0.069814, AddInfo: Threshold10.0
2022-09-21 14:16:13,185:INFO:ResultsLogger:Model:SCNN, EpochTrained:20, Acc: 11.8%, AvgLoss: 0.060511, AddInfo: Threshold15.0
2022-09-21 14:29:08,403:INFO:ResultsLogger:Model:SCNN, EpochTrained:20, Acc: 97.5%, AvgLoss: 0.045611, AddInfo: Beta0
2022-09-21 14:36:30,957:INFO:ResultsLogger:Model:SCNN, EpochTrained:20, Acc: 98.0%, AvgLoss: 0.034657, AddInfo: Beta0.2
2022-09-21 14:43:47,945:INFO:ResultsLogger:Model:SCNN, EpochTrained:20, Acc: 97.3%, AvgLoss: 0.030687, AddInfo: Beta0.5
2022-09-21 14:51:20,750:INFO:ResultsLogger:Model:SCNN, EpochTrained:20, Acc: 98.0%, AvgLoss: 0.022756, AddInfo: Beta0.8
2022-09-21 14:59:22,406:INFO:ResultsLogger:Model:SCNN, EpochTrained:20, Acc: 95.0%, AvgLoss: 0.114107, AddInfo: Beta1.0
2022-09-27 17:16:45,319:INFO:ResultsLogger:Model:SCNN, EpochTrained:20, Acc: 98.0%, AvgLoss: 0.032390, AddInfo: Beta_Sparse0, Avg sparsity: 0.894537091255188
2022-09-27 17:24:06,728:INFO:ResultsLogger:Model:SCNN, EpochTrained:20, Acc: 98.2%, AvgLoss: 0.030798, AddInfo: Beta_Sparse0.2, Avg sparsity: 0.919071614742279
2022-09-27 17:30:56,817:INFO:ResultsLogger:Model:SCNN, EpochTrained:20, Acc: 98.6%, AvgLoss: 0.023619, AddInfo: Beta_Sparse0.5, Avg sparsity: 0.8794966340065002
2022-09-27 17:38:31,628:INFO:ResultsLogger:Model:SCNN, EpochTrained:20, Acc: 98.2%, AvgLoss: 0.028553, AddInfo: Beta_Sparse0.8, Avg sparsity: 0.8866159319877625
2022-09-27 17:45:25,712:INFO:ResultsLogger:Model:SCNN, EpochTrained:20, Acc: 98.0%, AvgLoss: 0.045558, AddInfo: Beta_Sparse1.0, Avg sparsity: 0.8855773210525513
2022-09-28 09:09:50,061:INFO:ResultsLogger:Model:SCNN, EpochTrained:20, Acc: 40.0%, AvgLoss: 0.063812, AddInfo: Threshold_Sparse0.0, Avg sparsity: 0.840617299079895
2022-09-28 09:24:56,568:INFO:ResultsLogger:Model:SCNN, EpochTrained:20, Acc: 95.9%, AvgLoss: 0.027302, AddInfo: Threshold_Sparse0.5, Avg sparsity: 0.8671598434448242
2022-09-28 09:39:17,504:INFO:ResultsLogger:Model:SCNN, EpochTrained:20, Acc: 98.0%, AvgLoss: 0.027295, AddInfo: Threshold_Sparse1.0, Avg sparsity: 0.8695293068885803
2022-09-28 09:46:19,997:INFO:ResultsLogger:Model:SCNN, EpochTrained:20, Acc: 98.2%, AvgLoss: 0.051319, AddInfo: Threshold_Sparse5.0, Avg sparsity: 0.8881700038909912
2022-09-28 09:53:40,258:INFO:ResultsLogger:Model:SCNN, EpochTrained:20, Acc: 61.4%, AvgLoss: 0.093371, AddInfo: Threshold_Sparse10.0, Avg sparsity: 0.8815716505050659
2022-09-28 10:00:19,540:INFO:ResultsLogger:Model:SCNN, EpochTrained:20, Acc: 10.5%, AvgLoss: 0.048477, AddInfo: Threshold_Sparse15.0, Avg sparsity: 0.9068182706832886
2022-09-28 13:26:48,977:INFO:ResultsLogger:Model:SCNN, EpochTrained:20, Acc: 96.4%, AvgLoss: 0.002096, AddInfo: Timestep_Sparse1, Avg sparsity: 0.9260345697402954
2022-09-28 13:32:32,491:INFO:ResultsLogger:Model:SCNN, EpochTrained:20, Acc: 97.9%, AvgLoss: 0.020768, AddInfo: Timestep_Sparse8, Avg sparsity: 0.9039779305458069
2022-09-28 13:38:45,539:INFO:ResultsLogger:Model:SCNN, EpochTrained:20, Acc: 97.9%, AvgLoss: 0.035784, AddInfo: Timestep_Sparse10, Avg sparsity: 0.8809961676597595
2022-09-28 13:45:01,146:INFO:ResultsLogger:Model:SCNN, EpochTrained:20, Acc: 97.9%, AvgLoss: 0.041719, AddInfo: Timestep_Sparse15, Avg sparsity: 0.8931577205657959
2022-09-28 13:52:21,237:INFO:ResultsLogger:Model:SCNN, EpochTrained:20, Acc: 98.6%, AvgLoss: 0.044184, AddInfo: Timestep_Sparse18, Avg sparsity: 0.8938892483711243
2022-09-28 13:59:59,078:INFO:ResultsLogger:Model:SCNN, EpochTrained:20, Acc: 98.2%, AvgLoss: 0.036214, AddInfo: Timestep_Sparse20, Avg sparsity: 0.8827206492424011
2022-09-28 14:12:11,365:INFO:ResultsLogger:Model:SCNN, EpochTrained:20, Acc: 98.6%, AvgLoss: 0.142755, AddInfo: Timestep_Sparse50, Avg sparsity: 0.8748058080673218
2022-09-28 14:32:05,399:INFO:ResultsLogger:Model:SCNN, EpochTrained:20, Acc: 98.6%, AvgLoss: 0.293412, AddInfo: Timestep_Sparse100, Avg sparsity: 0.8528198003768921
